<?xml version="1.0" encoding="UTF-8"?>
<!-- Generated by org.testng.reporters.JUnitXMLReporter -->
<testsuite hostname="NODE197" name="Default test" tests="14" failures="0" timestamp="13 Jul 2016 11:55:08 GMT" time="2138.407" errors="0">
  <testcase name="best_selling_bronzers" time="148.701" classname="com.macys.BestSelling"/>
  <testcase name="best_selling_ccs" time="102.294" classname="com.macys.BestSelling"/>
  <testcase name="best_selling_concealers" time="108.58" classname="com.macys.BestSelling"/>
  <testcase name="best_selling_eyebrow" time="115.155" classname="com.macys.BestSelling"/>
  <testcase name="best_selling_eyelash_curlers" time="122.074" classname="com.macys.BestSelling"/>
  <testcase name="best_selling_eyeliners" time="149.433" classname="com.macys.BestSelling"/>
  <testcase name="best_selling_foundations" time="145.794" classname="com.macys.BestSelling"/>
  <testcase name="best_selling_foundations_dry_skin" time="136.886" classname="com.macys.BestSelling"/>
  <testcase name="best_selling_foundations_oily_skin" time="182.783" classname="com.macys.BestSelling"/>
  <testcase name="best_selling_index_page" time="167.072" classname="com.macys.BestSelling"/>
  <testcase name="best_selling_lipsticks" time="184.349" classname="com.macys.BestSelling"/>
  <testcase name="best_selling_makeup_brushes" time="169.383" classname="com.macys.BestSelling"/>
  <testcase name="best_selling_mascaras" time="190.437" classname="com.macys.BestSelling"/>
  <testcase name="best_selling_primers" time="194.35" classname="com.macys.BestSelling"/>
</testsuite> <!-- Default test -->
