<?xml version="1.0" encoding="UTF-8"?>
<testng-results skipped="0" failed="0" total="14" passed="14">
  <reporter-output>
  </reporter-output>
  <suite name="Default suite" duration-ms="2138407" started-at="2016-07-13T11:19:30Z" finished-at="2016-07-13T11:55:08Z">
    <groups>
    </groups>
    <test name="Default test" duration-ms="2138407" started-at="2016-07-13T11:19:30Z" finished-at="2016-07-13T11:55:08Z">
      <class name="com.macys.BestSelling">
        <test-method status="PASS" signature="beforeClass1()[pri:0, instance:com.macys.BestSelling@4c70fda8]" name="beforeClass1" is-config="true" duration-ms="18496" started-at="2016-07-13T16:49:30Z" finished-at="2016-07-13T16:49:48Z">
          <reporter-output>
          </reporter-output>
        </test-method> <!-- beforeClass1 -->
        <test-method status="PASS" signature="best_selling_bronzers()[pri:0, instance:com.macys.BestSelling@4c70fda8]" name="best_selling_bronzers" duration-ms="148701" started-at="2016-07-13T16:49:48Z" finished-at="2016-07-13T16:52:17Z">
          <reporter-output>
          </reporter-output>
        </test-method> <!-- best_selling_bronzers -->
        <test-method status="PASS" signature="best_selling_ccs()[pri:0, instance:com.macys.BestSelling@4c70fda8]" name="best_selling_ccs" duration-ms="102294" started-at="2016-07-13T16:52:17Z" finished-at="2016-07-13T16:53:59Z">
          <reporter-output>
          </reporter-output>
        </test-method> <!-- best_selling_ccs -->
        <test-method status="PASS" signature="best_selling_concealers()[pri:0, instance:com.macys.BestSelling@4c70fda8]" name="best_selling_concealers" duration-ms="108580" started-at="2016-07-13T16:53:59Z" finished-at="2016-07-13T16:55:48Z">
          <reporter-output>
          </reporter-output>
        </test-method> <!-- best_selling_concealers -->
        <test-method status="PASS" signature="best_selling_eyebrow()[pri:0, instance:com.macys.BestSelling@4c70fda8]" name="best_selling_eyebrow" duration-ms="115155" started-at="2016-07-13T16:55:48Z" finished-at="2016-07-13T16:57:43Z">
          <reporter-output>
          </reporter-output>
        </test-method> <!-- best_selling_eyebrow -->
        <test-method status="PASS" signature="best_selling_eyelash_curlers()[pri:0, instance:com.macys.BestSelling@4c70fda8]" name="best_selling_eyelash_curlers" duration-ms="122074" started-at="2016-07-13T16:57:43Z" finished-at="2016-07-13T16:59:45Z">
          <reporter-output>
          </reporter-output>
        </test-method> <!-- best_selling_eyelash_curlers -->
        <test-method status="PASS" signature="best_selling_eyeliners()[pri:0, instance:com.macys.BestSelling@4c70fda8]" name="best_selling_eyeliners" duration-ms="149433" started-at="2016-07-13T16:59:45Z" finished-at="2016-07-13T17:02:14Z">
          <reporter-output>
          </reporter-output>
        </test-method> <!-- best_selling_eyeliners -->
        <test-method status="PASS" signature="best_selling_foundations()[pri:0, instance:com.macys.BestSelling@4c70fda8]" name="best_selling_foundations" duration-ms="145794" started-at="2016-07-13T17:02:14Z" finished-at="2016-07-13T17:04:40Z">
          <reporter-output>
          </reporter-output>
        </test-method> <!-- best_selling_foundations -->
        <test-method status="PASS" signature="best_selling_foundations_dry_skin()[pri:0, instance:com.macys.BestSelling@4c70fda8]" name="best_selling_foundations_dry_skin" duration-ms="136886" started-at="2016-07-13T17:04:40Z" finished-at="2016-07-13T17:06:57Z">
          <reporter-output>
          </reporter-output>
        </test-method> <!-- best_selling_foundations_dry_skin -->
        <test-method status="PASS" signature="best_selling_foundations_oily_skin()[pri:0, instance:com.macys.BestSelling@4c70fda8]" name="best_selling_foundations_oily_skin" duration-ms="182783" started-at="2016-07-13T17:06:57Z" finished-at="2016-07-13T17:10:00Z">
          <reporter-output>
          </reporter-output>
        </test-method> <!-- best_selling_foundations_oily_skin -->
        <test-method status="PASS" signature="best_selling_index_page()[pri:0, instance:com.macys.BestSelling@4c70fda8]" name="best_selling_index_page" duration-ms="167072" started-at="2016-07-13T17:10:00Z" finished-at="2016-07-13T17:12:47Z">
          <reporter-output>
          </reporter-output>
        </test-method> <!-- best_selling_index_page -->
        <test-method status="PASS" signature="best_selling_lipsticks()[pri:0, instance:com.macys.BestSelling@4c70fda8]" name="best_selling_lipsticks" duration-ms="184349" started-at="2016-07-13T17:12:47Z" finished-at="2016-07-13T17:15:51Z">
          <reporter-output>
          </reporter-output>
        </test-method> <!-- best_selling_lipsticks -->
        <test-method status="PASS" signature="best_selling_makeup_brushes()[pri:0, instance:com.macys.BestSelling@4c70fda8]" name="best_selling_makeup_brushes" duration-ms="169383" started-at="2016-07-13T17:15:51Z" finished-at="2016-07-13T17:18:41Z">
          <reporter-output>
          </reporter-output>
        </test-method> <!-- best_selling_makeup_brushes -->
        <test-method status="PASS" signature="best_selling_mascaras()[pri:0, instance:com.macys.BestSelling@4c70fda8]" name="best_selling_mascaras" duration-ms="190437" started-at="2016-07-13T17:18:41Z" finished-at="2016-07-13T17:21:51Z">
          <reporter-output>
          </reporter-output>
        </test-method> <!-- best_selling_mascaras -->
        <test-method status="PASS" signature="best_selling_primers()[pri:0, instance:com.macys.BestSelling@4c70fda8]" name="best_selling_primers" duration-ms="194350" started-at="2016-07-13T17:21:51Z" finished-at="2016-07-13T17:25:06Z">
          <reporter-output>
          </reporter-output>
        </test-method> <!-- best_selling_primers -->
        <test-method status="PASS" signature="afterClass()[pri:0, instance:com.macys.BestSelling@4c70fda8]" name="afterClass" is-config="true" duration-ms="2590" started-at="2016-07-13T17:25:06Z" finished-at="2016-07-13T17:25:08Z">
          <reporter-output>
          </reporter-output>
        </test-method> <!-- afterClass -->
      </class> <!-- com.macys.BestSelling -->
    </test> <!-- Default test -->
  </suite> <!-- Default suite -->
</testng-results>
